<?xml version="1.0" encoding="UTF-8"?>
<!-- Generated by org.testng.reporters.JUnitReportReporter -->
<testsuite hostname="MSI" failures="0" tests="1" name="qaautomation.tugas4.Tugas5" time="2.979" errors="0" timestamp="2022-06-27T20:58:29 WIB" skipped="0">
  <testcase classname="qaautomation.tugas4.Tugas5" name="testRegisterAPI" time="2.979"/>
  <system-out/>
</testsuite> <!-- qaautomation.tugas4.Tugas5 -->
