<?xml version="1.0" encoding="UTF-8"?>
<!-- Generated by org.testng.reporters.JUnitReportReporter -->
<testsuite hostname="MSI" failures="0" tests="1" name="qaautomation.tugas4.Tugas4" time="9.110" errors="0" timestamp="2022-06-21T20:32:58 WIB" skipped="0">
  <testcase classname="qaautomation.tugas4.Tugas4" name="testIframe" time="9.110"/>
  <system-out/>
</testsuite> <!-- qaautomation.tugas4.Tugas4 -->
