<?xml version="1.0" encoding="UTF-8"?>
<!-- Generated by org.testng.reporters.JUnitReportReporter -->
<testsuite hostname="MSI" failures="0" tests="1" name="tugas3.webtest3" time="6.760" errors="0" timestamp="2022-06-19T12:58:10 WIB" skipped="0">
  <testcase classname="tugas3.webtest3" name="login" time="6.760"/>
  <system-out/>
</testsuite> <!-- tugas3.webtest3 -->
